Database error: no such column: tototo 
Database error: no such column: tototo 
Database error: no such column: tototo 
Database error: no such column: tototo 
Database error: no such column: tototo 
Database error: no such column: tototu 
Database error: no such column: tototo 
Database error: no such column: tototo 
Database error: no such column: tototo 
Database error: no such column: tototo 
Database error: no such column: tototo 
Database error: no such column: tototo 
Database error: no such column: tototo 
Database error: no such column: tototo 
Database error: UNIQUE constraint failed: dbuser.nom, dbuser.password 
Database error: UNIQUE constraint failed: dbuser.nom, dbuser.password 
Database error: UNIQUE constraint failed: dbuser.nom, dbuser.password 
Database error: near "18": syntax error 
Database error: unrecognized token: "'2020-11-17 18:44:38'')" 
Database error: database is locked 
Database error: database is locked 
Database error: database is locked 
Database error: UNIQUE constraint failed: dbuser.nom, dbuser.password 
Database error: UNIQUE constraint failed: dbuser.nom, dbuser.password 
Database error: row value misused 
Database error: row value misused 
Database error: row value misused 
Database error: row value misused 
Database error: database is locked 
Database error: database is locked 
Database error: database is locked 
Database error: database is locked 
Database error: database is locked 
